2025-08-20 09:10:08,993 - WARNING - (trapped) error reading bcrypt version
Traceback (most recent call last):
  File "C:\Users\ADMIN\AppData\Local\Programs\Python\Python313\Lib\site-packages\passlib\handlers\bcrypt.py", line 620, in _load_backend_mixin
    version = _bcrypt.__about__.__version__
              ^^^^^^^^^^^^^^^^^
AttributeError: module 'bcrypt' has no attribute '__about__'
2025-08-20 09:11:24,288 - INFO - Created/ensured table: users
2025-08-20 09:11:24,289 - INFO - Created/ensured table: classes
2025-08-20 09:11:24,289 - INFO - Created/ensured table: students
2025-08-20 09:11:24,289 - INFO - Created/ensured table: fees
2025-08-20 09:11:24,289 - INFO - Created/ensured table: contributions
2025-08-20 09:11:24,290 - INFO - Created/ensured table: payments
2025-08-20 09:11:24,290 - INFO - Created/ensured table: receipts
2025-08-20 09:11:24,290 - INFO - Created/ensured table: audit_logs
2025-08-20 09:11:24,291 - INFO - Database initialization completed successfully
2025-08-20 09:11:47,881 - WARNING - Failed login attempt for user: Collins73
2025-08-20 09:11:56,418 - WARNING - Failed login attempt for user: Collins73
2025-08-20 09:12:07,107 - WARNING - Failed login attempt for user: Admin
2025-08-20 09:12:16,684 - WARNING - (trapped) error reading bcrypt version
Traceback (most recent call last):
  File "C:\Users\ADMIN\AppData\Local\Programs\Python\Python313\Lib\site-packages\passlib\handlers\bcrypt.py", line 620, in _load_backend_mixin
    version = _bcrypt.__about__.__version__
              ^^^^^^^^^^^^^^^^^
AttributeError: module 'bcrypt' has no attribute '__about__'
2025-08-20 09:12:17,045 - INFO - User logged in: admin
2025-08-20 09:12:17,907 - INFO - Successful login for user: admin
2025-08-20 09:12:49,794 - INFO - User created: Collins (admin)
2025-08-20 09:14:27,960 - ERROR - Query execution failed: 
    INSERT INTO users (username, password, role) VALUES (?, ?, ?)
     - UNIQUE constraint failed: users.username
2025-08-20 09:14:27,960 - ERROR - User creation failed: UNIQUE constraint failed: users.username
2025-08-20 09:14:27,960 - ERROR - Database error: UNIQUE constraint failed: users.username
2025-08-20 09:14:49,525 - ERROR - Query execution failed: 
    INSERT INTO users (username, password, role) VALUES (?, ?, ?)
     - UNIQUE constraint failed: users.username
2025-08-20 09:14:49,525 - ERROR - User creation failed: UNIQUE constraint failed: users.username
2025-08-20 09:14:49,525 - ERROR - Database error: UNIQUE constraint failed: users.username
2025-08-20 09:15:31,759 - INFO - Created student: Collins Kipkorir (ID: 2)
2025-08-20 09:15:31,785 - INFO - Fee set for student 2: 5800.0, Bus: 0.0
2025-08-20 09:15:55,309 - INFO - Updated contribution rates: {'maize': 30.0, 'millet': 40.0, 'beans': 25.0}
2025-08-20 09:17:20,361 - WARNING - Failed login attempt for user: clerk
2025-08-20 09:17:35,047 - INFO - User logged in: Collins
2025-08-20 09:17:35,960 - INFO - Successful login for user: Collins
2025-08-20 09:18:05,573 - INFO - Receipt generated: C:\Users\ADMIN\Downloads\school_fee_system_starter\app\core\..\receipts\receipt_d26db22f.pdf
2025-08-20 09:19:20,459 - ERROR - Query execution failed: 
    INSERT INTO users (username, password, role) VALUES (?, ?, ?)
     - UNIQUE constraint failed: users.username
2025-08-20 09:19:20,459 - ERROR - User creation failed: UNIQUE constraint failed: users.username
2025-08-20 09:19:20,459 - ERROR - Database error: UNIQUE constraint failed: users.username
2025-08-20 09:20:11,852 - INFO - Receipt generated: C:\Users\ADMIN\Downloads\school_fee_system_starter\app\core\..\receipts\receipt_413a491c.pdf
2025-08-20 09:20:42,681 - INFO - Generated payment summary: reports/payment_summary_2025-07-21_2025-08-20.csv
2025-08-20 09:20:42,682 - ERROR - Fetch all failed: SELECT * FROM payments WHERE date BETWEEN %s AND %s - near "%": syntax error
2025-08-20 09:20:42,682 - ERROR - Database error: near "%": syntax error
2025-08-20 09:21:19,119 - ERROR - Query execution failed: 
    INSERT INTO users (username, password, role) VALUES (?, ?, ?)
     - UNIQUE constraint failed: users.username
2025-08-20 09:21:19,119 - ERROR - User creation failed: UNIQUE constraint failed: users.username
2025-08-20 09:21:19,119 - ERROR - Database error: UNIQUE constraint failed: users.username
2025-08-20 09:53:07,221 - INFO - Created/ensured table: users
2025-08-20 09:53:07,222 - INFO - Created/ensured table: classes
2025-08-20 09:53:07,223 - INFO - Created/ensured table: students
2025-08-20 09:53:07,223 - INFO - Created/ensured table: fees
2025-08-20 09:53:07,224 - INFO - Created/ensured table: contributions
2025-08-20 09:53:07,224 - INFO - Created/ensured table: payments
2025-08-20 09:53:07,224 - INFO - Created/ensured table: receipts
2025-08-20 09:53:07,225 - INFO - Created/ensured table: audit_logs
2025-08-20 09:53:07,228 - INFO - Database initialization completed successfully
2025-08-20 09:53:24,787 - WARNING - (trapped) error reading bcrypt version
Traceback (most recent call last):
  File "C:\Users\ADMIN\AppData\Local\Programs\Python\Python313\Lib\site-packages\passlib\handlers\bcrypt.py", line 620, in _load_backend_mixin
    version = _bcrypt.__about__.__version__
              ^^^^^^^^^^^^^^^^^
AttributeError: module 'bcrypt' has no attribute '__about__'
2025-08-20 09:53:25,179 - INFO - User logged in: admin
2025-08-20 09:53:26,267 - INFO - Successful login for user: admin
2025-08-20 09:53:50,000 - INFO - User created: clerk (clerk)
2025-08-20 09:54:10,785 - INFO - User logged in: clerk
2025-08-20 09:54:10,847 - INFO - Successful login for user: clerk
2025-08-20 09:55:20,876 - INFO - Receipt generated: C:\Users\ADMIN\Downloads\school_fee_system_starter\app\core\..\receipts\receipt_c7be1227.pdf
2025-08-20 09:56:46,539 - INFO - Updated student 2
2025-08-20 09:56:46,573 - INFO - Fee set for student 2: 120000.0, Bus: 0.0
2025-08-20 10:12:09,159 - INFO - Created/ensured table: users
2025-08-20 10:12:09,160 - INFO - Created/ensured table: classes
2025-08-20 10:12:09,160 - INFO - Created/ensured table: students
2025-08-20 10:12:09,160 - INFO - Created/ensured table: fees
2025-08-20 10:12:09,161 - INFO - Created/ensured table: contributions
2025-08-20 10:12:09,161 - INFO - Created/ensured table: payments
2025-08-20 10:12:09,161 - INFO - Created/ensured table: receipts
2025-08-20 10:12:09,161 - INFO - Created/ensured table: audit_logs
2025-08-20 10:12:09,162 - INFO - Database initialization completed successfully
2025-08-20 10:12:25,069 - WARNING - (trapped) error reading bcrypt version
Traceback (most recent call last):
  File "C:\Users\ADMIN\AppData\Local\Programs\Python\Python313\Lib\site-packages\passlib\handlers\bcrypt.py", line 620, in _load_backend_mixin
    version = _bcrypt.__about__.__version__
              ^^^^^^^^^^^^^^^^^
AttributeError: module 'bcrypt' has no attribute '__about__'
2025-08-20 10:12:25,461 - INFO - User logged in: admin
2025-08-20 10:12:26,593 - INFO - Successful login for user: admin
2025-08-20 10:16:34,982 - INFO - Created/ensured table: users
2025-08-20 10:16:34,983 - INFO - Created/ensured table: classes
2025-08-20 10:16:34,983 - INFO - Created/ensured table: students
2025-08-20 10:16:34,983 - INFO - Created/ensured table: fees
2025-08-20 10:16:34,983 - INFO - Created/ensured table: contributions
2025-08-20 10:16:34,984 - INFO - Created/ensured table: payments
2025-08-20 10:16:34,984 - INFO - Created/ensured table: receipts
2025-08-20 10:16:34,984 - INFO - Created/ensured table: audit_logs
2025-08-20 10:16:34,985 - INFO - Database initialization completed successfully
2025-08-20 10:16:47,398 - WARNING - (trapped) error reading bcrypt version
Traceback (most recent call last):
  File "C:\Users\ADMIN\AppData\Local\Programs\Python\Python313\Lib\site-packages\passlib\handlers\bcrypt.py", line 620, in _load_backend_mixin
    version = _bcrypt.__about__.__version__
              ^^^^^^^^^^^^^^^^^
AttributeError: module 'bcrypt' has no attribute '__about__'
2025-08-20 10:16:47,763 - INFO - User logged in: admin
2025-08-20 10:16:49,282 - INFO - Successful login for user: admin
2025-08-20 11:06:01,875 - INFO - Created/ensured table: users
2025-08-20 11:06:01,876 - INFO - Created/ensured table: classes
2025-08-20 11:06:01,877 - INFO - Created/ensured table: students
2025-08-20 11:06:01,877 - INFO - Created/ensured table: fees
2025-08-20 11:06:01,877 - INFO - Created/ensured table: contributions
2025-08-20 11:06:01,877 - INFO - Created/ensured table: payments
2025-08-20 11:06:01,878 - INFO - Created/ensured table: receipts
2025-08-20 11:06:01,878 - INFO - Created/ensured table: audit_logs
2025-08-20 11:06:01,878 - INFO - Database initialization completed successfully
2025-08-20 11:06:26,722 - WARNING - (trapped) error reading bcrypt version
Traceback (most recent call last):
  File "C:\Users\ADMIN\AppData\Local\Programs\Python\Python313\Lib\site-packages\passlib\handlers\bcrypt.py", line 620, in _load_backend_mixin
    version = _bcrypt.__about__.__version__
              ^^^^^^^^^^^^^^^^^
AttributeError: module 'bcrypt' has no attribute '__about__'
2025-08-20 11:06:27,730 - INFO - User logged in: admin
2025-08-20 11:06:29,094 - INFO - Successful login for user: admin
2025-08-20 11:07:05,456 - INFO - Created student: Faith Yegon (ID: 3)
2025-08-20 11:07:05,494 - INFO - Fee set for student 3: 0.0, Bus: 0.0
2025-08-20 11:07:39,879 - INFO - Generated class report: reports/class_9_report_20250820_110739.csv
2025-08-20 11:08:07,316 - INFO - Updated contribution rates: {'maize': 30.0, 'millet': 40.0, 'beans': 25.0}
2025-08-20 11:08:59,644 - INFO - User logged in: clerk
2025-08-20 11:08:59,720 - INFO - Successful login for user: clerk
2025-08-20 11:12:45,269 - INFO - Created/ensured table: users
2025-08-20 11:12:45,269 - INFO - Created/ensured table: classes
2025-08-20 11:12:45,269 - INFO - Created/ensured table: students
2025-08-20 11:12:45,269 - INFO - Created/ensured table: fees
2025-08-20 11:12:45,270 - INFO - Created/ensured table: contributions
2025-08-20 11:12:45,270 - INFO - Created/ensured table: payments
2025-08-20 11:12:45,270 - INFO - Created/ensured table: receipts
2025-08-20 11:12:45,270 - INFO - Created/ensured table: audit_logs
2025-08-20 11:12:45,271 - INFO - Database initialization completed successfully
2025-08-20 11:13:01,271 - WARNING - (trapped) error reading bcrypt version
Traceback (most recent call last):
  File "C:\Users\ADMIN\AppData\Local\Programs\Python\Python313\Lib\site-packages\passlib\handlers\bcrypt.py", line 620, in _load_backend_mixin
    version = _bcrypt.__about__.__version__
              ^^^^^^^^^^^^^^^^^
AttributeError: module 'bcrypt' has no attribute '__about__'
2025-08-20 11:13:01,787 - INFO - User logged in: admin
2025-08-20 11:13:04,428 - ERROR - Database error: name 'header' is not defined
2025-08-20 11:13:04,428 - ERROR - Error loading dashboard data: name 'header' is not defined
2025-08-20 11:13:08,262 - INFO - Successful login for user: admin
2025-08-20 11:13:52,348 - ERROR - Database error: name 'header' is not defined
2025-08-20 11:13:52,349 - ERROR - Error loading dashboard data: name 'header' is not defined
2025-08-20 11:15:16,817 - ERROR - Database error: name 'header' is not defined
2025-08-20 11:15:16,818 - ERROR - Error loading dashboard data: name 'header' is not defined
2025-08-20 11:15:42,346 - INFO - Created/ensured table: users
2025-08-20 11:15:42,347 - INFO - Created/ensured table: classes
2025-08-20 11:15:42,347 - INFO - Created/ensured table: students
2025-08-20 11:15:42,347 - INFO - Created/ensured table: fees
2025-08-20 11:15:42,347 - INFO - Created/ensured table: contributions
2025-08-20 11:15:42,347 - INFO - Created/ensured table: payments
2025-08-20 11:15:42,347 - INFO - Created/ensured table: receipts
2025-08-20 11:15:42,348 - INFO - Created/ensured table: audit_logs
2025-08-20 11:15:42,348 - INFO - Database initialization completed successfully
2025-08-20 11:15:59,938 - WARNING - (trapped) error reading bcrypt version
Traceback (most recent call last):
  File "C:\Users\ADMIN\AppData\Local\Programs\Python\Python313\Lib\site-packages\passlib\handlers\bcrypt.py", line 620, in _load_backend_mixin
    version = _bcrypt.__about__.__version__
              ^^^^^^^^^^^^^^^^^
AttributeError: module 'bcrypt' has no attribute '__about__'
2025-08-20 11:16:00,258 - INFO - User logged in: admin
2025-08-20 11:16:01,133 - INFO - Successful login for user: admin
2025-08-20 11:16:58,488 - INFO - Receipt generated: C:\Users\ADMIN\Downloads\school_fee_system_starter\app\core\..\receipts\receipt_d6799195.pdf
2025-08-20 11:17:36,581 - INFO - User logged in: clerk
2025-08-20 11:17:36,634 - INFO - Successful login for user: clerk
2025-08-20 11:18:28,774 - INFO - Receipt generated: C:\Users\ADMIN\Downloads\school_fee_system_starter\app\core\..\receipts\receipt_9b0d6202.pdf
2025-08-20 11:19:33,273 - INFO - Receipt generated: C:\Users\ADMIN\Downloads\school_fee_system_starter\app\core\..\receipts\receipt_b0ea6692.pdf
2025-08-20 11:21:44,907 - INFO - Created student: Noreen Cherotich (ID: 4)
2025-08-20 11:21:44,925 - INFO - Fee set for student 4: 5100.0, Bus: 50.0
2025-08-20 11:22:24,496 - INFO - Updated student 4
2025-08-20 11:22:24,536 - INFO - Fee set for student 4: 5100.0, Bus: 50.0
2025-08-20 11:23:09,158 - INFO - Updated student 4
2025-08-20 11:23:09,182 - INFO - Fee set for student 4: 5100.0, Bus: 50.0
2025-08-20 11:23:26,460 - INFO - Updated student 4
2025-08-20 11:23:26,497 - INFO - Fee set for student 4: 5100.0, Bus: 50.0
2025-08-20 11:35:18,108 - INFO - Created/ensured table: users
2025-08-20 11:35:18,108 - INFO - Created/ensured table: classes
2025-08-20 11:35:18,109 - INFO - Created/ensured table: students
2025-08-20 11:35:18,109 - INFO - Created/ensured table: fees
2025-08-20 11:35:18,126 - INFO - Created/ensured table: class_fees
2025-08-20 11:35:18,126 - INFO - Created/ensured table: contributions
2025-08-20 11:35:18,127 - INFO - Created/ensured table: payments
2025-08-20 11:35:18,127 - INFO - Created/ensured table: receipts
2025-08-20 11:35:18,127 - INFO - Created/ensured table: audit_logs
2025-08-20 11:35:18,128 - INFO - Database initialization completed successfully
2025-08-20 11:35:34,466 - WARNING - (trapped) error reading bcrypt version
Traceback (most recent call last):
  File "C:\Users\ADMIN\AppData\Local\Programs\Python\Python313\Lib\site-packages\passlib\handlers\bcrypt.py", line 620, in _load_backend_mixin
    version = _bcrypt.__about__.__version__
              ^^^^^^^^^^^^^^^^^
AttributeError: module 'bcrypt' has no attribute '__about__'
2025-08-20 11:35:34,836 - INFO - User logged in: admin
2025-08-20 11:35:36,859 - INFO - Successful login for user: admin
2025-08-20 11:37:27,315 - INFO - Receipt generated: C:\Users\ADMIN\Downloads\school_fee_system_starter\app\core\..\receipts\receipt_fe769d24.pdf
2025-08-20 11:38:26,033 - INFO - Updated contribution rates: {'maize': 100.0, 'millet': 200.0, 'beans': 300.0}
2025-08-20 11:39:06,715 - INFO - Created student: Elias Kipchumba (ID: 5)
2025-08-20 11:39:06,787 - INFO - Fee set for student 5: 0.0, Bus: 60.0
2025-08-20 11:39:46,859 - INFO - Receipt generated: C:\Users\ADMIN\Downloads\school_fee_system_starter\app\core\..\receipts\receipt_a753be67.pdf
2025-08-20 11:40:59,312 - INFO - Created student: Kevin ruben (ID: 6)
2025-08-20 11:40:59,336 - INFO - Fee set for student 6: 12000.0, Bus: 0.0
2025-08-20 11:41:33,868 - INFO - User logged in: clerk
2025-08-20 11:41:33,927 - INFO - Successful login for user: clerk
2025-08-20 11:42:02,369 - INFO - Generated class report: reports/class_4_report_20250820_114202.csv
2025-08-20 11:50:13,907 - INFO - Created/ensured table: users
2025-08-20 11:50:13,907 - INFO - Created/ensured table: classes
2025-08-20 11:50:13,908 - INFO - Created/ensured table: students
2025-08-20 11:50:13,908 - INFO - Created/ensured table: fees
2025-08-20 11:50:13,908 - INFO - Created/ensured table: class_fees
2025-08-20 11:50:13,909 - INFO - Created/ensured table: contributions
2025-08-20 11:50:13,909 - INFO - Created/ensured table: payments
2025-08-20 11:50:13,909 - INFO - Created/ensured table: receipts
2025-08-20 11:50:13,940 - INFO - Created/ensured table: bus_locations
2025-08-20 11:50:13,940 - INFO - Created/ensured table: audit_logs
2025-08-20 11:50:13,949 - INFO - Database initialization completed successfully
2025-08-20 11:50:27,002 - WARNING - (trapped) error reading bcrypt version
Traceback (most recent call last):
  File "C:\Users\ADMIN\AppData\Local\Programs\Python\Python313\Lib\site-packages\passlib\handlers\bcrypt.py", line 620, in _load_backend_mixin
    version = _bcrypt.__about__.__version__
              ^^^^^^^^^^^^^^^^^
AttributeError: module 'bcrypt' has no attribute '__about__'
2025-08-20 11:50:27,524 - INFO - User logged in: admin
2025-08-20 11:50:29,497 - INFO - Successful login for user: admin
2025-08-20 11:51:25,092 - INFO - Set class fee: class=1 term=1 amount=4000.0
2025-08-20 11:51:36,195 - INFO - Set class fee: class=1 term=2 amount=6000.0
2025-08-20 11:51:45,091 - INFO - Set class fee: class=1 term=3 amount=7000.0
2025-08-20 11:51:57,443 - INFO - Set class fee: class=2 term=1 amount=7000.0
2025-08-20 11:52:06,698 - INFO - Set class fee: class=2 term=2 amount=8000.0
2025-08-20 11:52:14,860 - INFO - Set class fee: class=2 term=3 amount=8000.0
2025-08-20 11:52:27,726 - INFO - Set class fee: class=9 term=1 amount=9000.0
2025-08-20 11:52:39,189 - INFO - Set class fee: class=9 term=2 amount=6000.0
2025-08-20 11:52:51,837 - INFO - Set class fee: class=9 term=3 amount=9000.0
2025-08-20 11:54:35,615 - INFO - Set class fee: class=4 term=1 amount=3000.0
2025-08-20 11:54:43,321 - INFO - Set class fee: class=4 term=2 amount=4000.0
2025-08-20 11:55:46,015 - INFO - Created student: Shadrack Kiprono (ID: 7)
2025-08-20 11:55:46,037 - INFO - Fee set for student 7: 27000.0, Bus: 3000.0
2025-08-20 11:56:25,232 - INFO - Receipt generated: C:\Users\ADMIN\Downloads\school_fee_system_starter\app\core\..\receipts\receipt_5cabc8f1.pdf
2025-08-20 12:00:48,675 - INFO - User logged in: clerk
2025-08-20 12:00:48,732 - INFO - Successful login for user: clerk
2025-08-20 12:01:31,421 - INFO - Created student: Sherly Cheruto (ID: 8)
2025-08-20 12:01:31,462 - INFO - Fee set for student 8: 27000.0, Bus: 12000.0
2025-08-20 12:02:44,628 - INFO - Receipt generated: C:\Users\ADMIN\Downloads\school_fee_system_starter\app\core\..\receipts\receipt_fa7e42da.pdf
2025-08-20 12:03:35,584 - INFO - Generated class report: reports/class_9_report_20250820_120335.csv
2025-08-20 12:04:40,712 - INFO - Receipt generated: C:\Users\ADMIN\Downloads\school_fee_system_starter\app\core\..\receipts\receipt_fe6a494c.pdf
2025-08-20 12:05:42,899 - INFO - Created/ensured table: users
2025-08-20 12:05:42,899 - INFO - Created/ensured table: classes
2025-08-20 12:05:42,899 - INFO - Created/ensured table: students
2025-08-20 12:05:42,899 - INFO - Created/ensured table: fees
2025-08-20 12:05:42,899 - INFO - Created/ensured table: class_fees
2025-08-20 12:05:42,900 - INFO - Created/ensured table: contributions
2025-08-20 12:05:42,900 - INFO - Created/ensured table: payments
2025-08-20 12:05:42,900 - INFO - Created/ensured table: receipts
2025-08-20 12:05:42,900 - INFO - Created/ensured table: bus_locations
2025-08-20 12:05:42,900 - INFO - Created/ensured table: audit_logs
2025-08-20 12:05:42,901 - INFO - Database initialization completed successfully
2025-08-20 12:05:57,542 - WARNING - (trapped) error reading bcrypt version
Traceback (most recent call last):
  File "C:\Users\ADMIN\AppData\Local\Programs\Python\Python313\Lib\site-packages\passlib\handlers\bcrypt.py", line 620, in _load_backend_mixin
    version = _bcrypt.__about__.__version__
              ^^^^^^^^^^^^^^^^^
AttributeError: module 'bcrypt' has no attribute '__about__'
2025-08-20 12:05:58,086 - INFO - User logged in: admin
2025-08-20 12:05:59,124 - INFO - Successful login for user: admin
2025-08-20 12:07:08,707 - ERROR - Query execution failed: 
    INSERT INTO users (username, password, role) VALUES (?, ?, ?)
     - UNIQUE constraint failed: users.username
2025-08-20 12:07:08,707 - ERROR - User creation failed: UNIQUE constraint failed: users.username
2025-08-20 12:07:08,707 - ERROR - Database error: UNIQUE constraint failed: users.username
2025-08-20 12:07:33,347 - ERROR - Query execution failed: 
    INSERT INTO users (username, password, role) VALUES (?, ?, ?)
     - UNIQUE constraint failed: users.username
2025-08-20 12:07:33,348 - ERROR - User creation failed: UNIQUE constraint failed: users.username
2025-08-20 12:07:33,348 - ERROR - Database error: UNIQUE constraint failed: users.username
2025-08-20 12:10:26,185 - INFO - Receipt generated: C:\Users\ADMIN\Downloads\school_fee_system_starter\app\core\..\receipts\receipt_642866fe.pdf
2025-08-20 12:39:30,582 - INFO - Created/ensured table: users
2025-08-20 12:39:30,583 - INFO - Created/ensured table: classes
2025-08-20 12:39:30,584 - INFO - Created/ensured table: students
2025-08-20 12:39:30,584 - INFO - Created/ensured table: fees
2025-08-20 12:39:30,585 - INFO - Created/ensured table: class_fees
2025-08-20 12:39:30,585 - INFO - Created/ensured table: contributions
2025-08-20 12:39:30,586 - INFO - Created/ensured table: payments
2025-08-20 12:39:30,586 - INFO - Created/ensured table: receipts
2025-08-20 12:39:30,586 - INFO - Created/ensured table: bus_locations
2025-08-20 12:39:30,586 - INFO - Created/ensured table: audit_logs
2025-08-20 12:39:30,587 - INFO - Database initialization completed successfully
2025-08-20 12:39:42,284 - WARNING - (trapped) error reading bcrypt version
Traceback (most recent call last):
  File "C:\Users\ADMIN\AppData\Local\Programs\Python\Python313\Lib\site-packages\passlib\handlers\bcrypt.py", line 620, in _load_backend_mixin
    version = _bcrypt.__about__.__version__
              ^^^^^^^^^^^^^^^^^
AttributeError: module 'bcrypt' has no attribute '__about__'
2025-08-20 12:39:42,636 - INFO - User logged in: admin
2025-08-20 12:39:43,791 - INFO - Successful login for user: admin
2025-08-20 12:40:38,017 - INFO - Created student: Aron korir (ID: 9)
2025-08-20 12:40:38,043 - INFO - Fee set for student 9: 12000.0, Bus: 2000.0
2025-08-20 12:41:22,717 - INFO - Created student: Topis Kimutai (ID: 10)
2025-08-20 12:41:22,737 - INFO - Fee set for student 10: 12000.0, Bus: 0.0
2025-08-20 12:41:58,545 - INFO - Receipt generated: C:\Users\ADMIN\Downloads\school_fee_system_starter\app\core\..\receipts\receipt_8a2b9aef.pdf
2025-08-20 12:43:07,767 - INFO - Created student: Kevin koech (ID: 11)
2025-08-20 12:43:07,790 - INFO - Fee set for student 11: 0.0, Bus: 12000.0
2025-08-20 12:43:54,472 - INFO - Set class fee: class=5 term=1 amount=3000.0
2025-08-20 12:44:02,681 - INFO - Set class fee: class=5 term=2 amount=4000.0
2025-08-20 12:44:10,132 - INFO - Set class fee: class=5 term=3 amount=2000.0
2025-08-20 12:45:06,309 - INFO - Generated class report: reports/class_9_report_20250820_124506.csv
2025-08-20 12:46:01,946 - INFO - Receipt generated: C:\Users\ADMIN\Downloads\school_fee_system_starter\app\core\..\receipts\receipt_033ae00a.pdf
2025-08-20 12:47:01,109 - INFO - User logged in: clerk
2025-08-20 12:47:01,165 - INFO - Successful login for user: clerk
2025-08-20 14:20:04,227 - INFO - Created/ensured table: users
2025-08-20 14:20:04,228 - INFO - Created/ensured table: classes
2025-08-20 14:20:04,228 - INFO - Created/ensured table: students
2025-08-20 14:20:04,228 - INFO - Created/ensured table: fees
2025-08-20 14:20:04,228 - INFO - Created/ensured table: class_fees
2025-08-20 14:20:04,228 - INFO - Created/ensured table: contributions
2025-08-20 14:20:04,229 - INFO - Created/ensured table: payments
2025-08-20 14:20:04,229 - INFO - Created/ensured table: receipts
2025-08-20 14:20:04,229 - INFO - Created/ensured table: bus_locations
2025-08-20 14:20:04,229 - INFO - Created/ensured table: audit_logs
2025-08-20 14:20:04,230 - INFO - Database initialization completed successfully
2025-08-20 14:20:23,440 - WARNING - (trapped) error reading bcrypt version
Traceback (most recent call last):
  File "C:\Users\ADMIN\AppData\Local\Programs\Python\Python313\Lib\site-packages\passlib\handlers\bcrypt.py", line 620, in _load_backend_mixin
    version = _bcrypt.__about__.__version__
              ^^^^^^^^^^^^^^^^^
AttributeError: module 'bcrypt' has no attribute '__about__'
2025-08-20 14:20:23,799 - INFO - User logged in: admin
2025-08-20 14:20:25,048 - INFO - Successful login for user: admin
2025-08-20 15:16:22,176 - INFO - Created/ensured table: users
2025-08-20 15:16:22,177 - INFO - Created/ensured table: classes
2025-08-20 15:16:22,178 - INFO - Created/ensured table: students
2025-08-20 15:16:22,178 - INFO - Created/ensured table: fees
2025-08-20 15:16:22,178 - INFO - Created/ensured table: class_fees
2025-08-20 15:16:22,179 - INFO - Created/ensured table: contributions
2025-08-20 15:16:22,179 - INFO - Created/ensured table: payments
2025-08-20 15:16:22,179 - INFO - Created/ensured table: receipts
2025-08-20 15:16:22,180 - INFO - Created/ensured table: bus_locations
2025-08-20 15:16:22,180 - INFO - Created/ensured table: audit_logs
2025-08-20 15:16:22,181 - INFO - Database initialization completed successfully
2025-08-20 15:16:41,452 - WARNING - (trapped) error reading bcrypt version
Traceback (most recent call last):
  File "C:\Users\ADMIN\AppData\Local\Programs\Python\Python313\Lib\site-packages\passlib\handlers\bcrypt.py", line 620, in _load_backend_mixin
    version = _bcrypt.__about__.__version__
              ^^^^^^^^^^^^^^^^^
AttributeError: module 'bcrypt' has no attribute '__about__'
2025-08-20 15:16:41,843 - INFO - User logged in: admin
2025-08-20 15:16:43,822 - INFO - Successful login for user: admin
2025-08-20 17:01:35,187 - INFO - Created/ensured table: users
2025-08-20 17:01:35,190 - INFO - Created/ensured table: classes
2025-08-20 17:01:35,190 - INFO - Created/ensured table: students
2025-08-20 17:01:35,190 - INFO - Created/ensured table: fees
2025-08-20 17:01:35,191 - INFO - Created/ensured table: class_fees
2025-08-20 17:01:35,191 - INFO - Created/ensured table: contributions
2025-08-20 17:01:35,191 - INFO - Created/ensured table: payments
2025-08-20 17:01:35,191 - INFO - Created/ensured table: receipts
2025-08-20 17:01:35,192 - INFO - Created/ensured table: bus_locations
2025-08-20 17:01:35,192 - INFO - Created/ensured table: audit_logs
2025-08-20 17:01:35,193 - INFO - Database initialization completed successfully
2025-08-20 17:01:50,661 - WARNING - (trapped) error reading bcrypt version
Traceback (most recent call last):
  File "C:\Users\ADMIN\AppData\Local\Programs\Python\Python313\Lib\site-packages\passlib\handlers\bcrypt.py", line 620, in _load_backend_mixin
    version = _bcrypt.__about__.__version__
              ^^^^^^^^^^^^^^^^^
AttributeError: module 'bcrypt' has no attribute '__about__'
2025-08-20 17:01:51,050 - INFO - User logged in: admin
2025-08-20 17:01:55,064 - INFO - Successful login for user: admin
2025-08-20 17:17:16,834 - INFO - User logged in: admin
2025-08-20 17:17:17,997 - INFO - Successful login for user: admin
2025-08-20 17:25:32,493 - INFO - Created/ensured table: users
2025-08-20 17:25:32,494 - INFO - Created/ensured table: classes
2025-08-20 17:25:32,494 - INFO - Created/ensured table: students
2025-08-20 17:25:32,494 - INFO - Created/ensured table: fees
2025-08-20 17:25:32,495 - INFO - Created/ensured table: class_fees
2025-08-20 17:25:32,495 - INFO - Created/ensured table: contributions
2025-08-20 17:25:32,495 - INFO - Created/ensured table: payments
2025-08-20 17:25:32,495 - INFO - Created/ensured table: receipts
2025-08-20 17:25:32,495 - INFO - Created/ensured table: bus_locations
2025-08-20 17:25:32,496 - INFO - Created/ensured table: audit_logs
2025-08-20 17:25:32,496 - INFO - Database initialization completed successfully
2025-08-20 17:25:45,806 - ERROR - Fetch one failed: SELECT * FROM users WHERE email = ? OR username = ? - no such column: email
2025-08-20 17:25:45,807 - ERROR - Database error: no such column: email
2025-08-20 17:25:48,592 - ERROR - Login error for user admin: no such column: email
2025-08-20 17:26:07,619 - ERROR - Fetch one failed: SELECT * FROM users WHERE email = ? OR username = ? - no such column: email
2025-08-20 17:26:07,619 - ERROR - Database error: no such column: email
2025-08-20 17:27:42,794 - INFO - Created/ensured table: users
2025-08-20 17:27:42,797 - INFO - Created/ensured table: classes
2025-08-20 17:27:42,798 - INFO - Created/ensured table: students
2025-08-20 17:27:42,798 - INFO - Created/ensured table: fees
2025-08-20 17:27:42,798 - INFO - Created/ensured table: class_fees
2025-08-20 17:27:42,798 - INFO - Created/ensured table: contributions
2025-08-20 17:27:42,799 - INFO - Created/ensured table: payments
2025-08-20 17:27:42,799 - INFO - Created/ensured table: receipts
2025-08-20 17:27:42,799 - INFO - Created/ensured table: bus_locations
2025-08-20 17:27:42,799 - INFO - Created/ensured table: audit_logs
2025-08-20 17:27:42,801 - ERROR - Database initialization error (attempt 1): 'charmap' codec can't encode character '\U0001f389' in position 0: character maps to <undefined>
2025-08-20 17:27:43,848 - INFO - Created/ensured table: users
2025-08-20 17:27:43,850 - INFO - Created/ensured table: classes
2025-08-20 17:27:43,851 - INFO - Created/ensured table: students
2025-08-20 17:27:43,853 - INFO - Created/ensured table: fees
2025-08-20 17:27:43,854 - INFO - Created/ensured table: class_fees
2025-08-20 17:27:43,856 - INFO - Created/ensured table: contributions
2025-08-20 17:27:43,858 - INFO - Created/ensured table: payments
2025-08-20 17:27:43,859 - INFO - Created/ensured table: receipts
2025-08-20 17:27:43,860 - INFO - Created/ensured table: bus_locations
2025-08-20 17:27:43,861 - INFO - Created/ensured table: audit_logs
2025-08-20 17:27:43,863 - ERROR - Database initialization error (attempt 2): 'charmap' codec can't encode character '\U0001f389' in position 0: character maps to <undefined>
2025-08-20 17:27:44,869 - INFO - Created/ensured table: users
2025-08-20 17:27:44,872 - INFO - Created/ensured table: classes
2025-08-20 17:27:44,875 - INFO - Created/ensured table: students
2025-08-20 17:27:44,877 - INFO - Created/ensured table: fees
2025-08-20 17:27:44,879 - INFO - Created/ensured table: class_fees
2025-08-20 17:27:44,881 - INFO - Created/ensured table: contributions
2025-08-20 17:27:44,883 - INFO - Created/ensured table: payments
2025-08-20 17:27:44,884 - INFO - Created/ensured table: receipts
2025-08-20 17:27:44,885 - INFO - Created/ensured table: bus_locations
2025-08-20 17:27:44,887 - INFO - Created/ensured table: audit_logs
2025-08-20 17:27:44,891 - ERROR - Database initialization error (attempt 3): 'charmap' codec can't encode character '\U0001f389' in position 0: character maps to <undefined>
2025-08-20 17:29:15,416 - ERROR - Login error for user kipkorirc583@gmail.com: no such column: email
2025-08-20 17:29:16,672 - ERROR - Fetch one failed: SELECT * FROM users WHERE email = ? OR username = ? - no such column: email
2025-08-20 17:29:16,672 - ERROR - Database error: no such column: email
2025-08-20 17:29:18,505 - ERROR - Login error for user kipkorirc583@gmail.com: no such column: email
2025-08-20 17:29:25,500 - INFO - Created/ensured table: users
2025-08-20 17:29:25,500 - INFO - Created/ensured table: classes
2025-08-20 17:29:25,501 - INFO - Created/ensured table: students
2025-08-20 17:29:25,501 - INFO - Created/ensured table: fees
2025-08-20 17:29:25,501 - INFO - Created/ensured table: class_fees
2025-08-20 17:29:25,501 - INFO - Created/ensured table: contributions
2025-08-20 17:29:25,502 - INFO - Created/ensured table: payments
2025-08-20 17:29:25,502 - INFO - Created/ensured table: receipts
2025-08-20 17:29:25,502 - INFO - Created/ensured table: bus_locations
2025-08-20 17:29:25,502 - INFO - Created/ensured table: audit_logs
2025-08-20 17:29:25,503 - INFO - Database initialization completed successfully
2025-08-20 17:29:52,532 - INFO - Created/ensured table: users
2025-08-20 17:29:52,532 - INFO - Created/ensured table: classes
2025-08-20 17:29:52,532 - INFO - Created/ensured table: students
2025-08-20 17:29:52,532 - INFO - Created/ensured table: fees
2025-08-20 17:29:52,533 - INFO - Created/ensured table: class_fees
2025-08-20 17:29:52,533 - INFO - Created/ensured table: contributions
2025-08-20 17:29:52,533 - INFO - Created/ensured table: payments
2025-08-20 17:29:52,533 - INFO - Created/ensured table: receipts
2025-08-20 17:29:52,533 - INFO - Created/ensured table: bus_locations
2025-08-20 17:29:52,533 - INFO - Created/ensured table: audit_logs
2025-08-20 17:29:52,534 - INFO - Database initialization completed successfully
2025-08-20 17:30:21,256 - ERROR - Fetch one failed: SELECT * FROM users WHERE email = ? OR username = ? - no such column: email
2025-08-20 17:30:21,256 - ERROR - Database error: no such column: email
2025-08-20 17:30:24,893 - ERROR - Login error for user kipkorirc583@gmail.com: no such column: email
2025-08-20 17:31:48,321 - ERROR - Fetch one failed: SELECT * FROM users WHERE email = ? OR username = ? - no such column: email
2025-08-20 17:31:48,322 - ERROR - Database error: no such column: email
2025-08-20 17:34:00,464 - INFO - Created/ensured table: users
2025-08-20 17:34:00,479 - INFO - Created/ensured table: classes
2025-08-20 17:34:00,494 - INFO - Created/ensured table: students
2025-08-20 17:34:00,508 - INFO - Created/ensured table: fees
2025-08-20 17:34:00,524 - INFO - Created/ensured table: class_fees
2025-08-20 17:34:00,543 - INFO - Created/ensured table: contributions
2025-08-20 17:34:00,558 - INFO - Created/ensured table: payments
2025-08-20 17:34:00,572 - INFO - Created/ensured table: receipts
2025-08-20 17:34:00,589 - INFO - Created/ensured table: bus_locations
2025-08-20 17:34:00,602 - INFO - Created/ensured table: audit_logs
2025-08-20 17:34:00,720 - WARNING - (trapped) error reading bcrypt version
Traceback (most recent call last):
  File "C:\Users\ADMIN\AppData\Local\Programs\Python\Python313\Lib\site-packages\passlib\handlers\bcrypt.py", line 620, in _load_backend_mixin
    version = _bcrypt.__about__.__version__
              ^^^^^^^^^^^^^^^^^
AttributeError: module 'bcrypt' has no attribute '__about__'
2025-08-20 17:34:01,107 - INFO - User created: admin (admin@barsiele.ac.ke) - admin
2025-08-20 17:34:01,230 - INFO - Database initialization completed successfully
2025-08-20 17:36:46,263 - INFO - Created/ensured table: users
2025-08-20 17:36:46,264 - INFO - Created/ensured table: classes
2025-08-20 17:36:46,264 - INFO - Created/ensured table: students
2025-08-20 17:36:46,264 - INFO - Created/ensured table: fees
2025-08-20 17:36:46,264 - INFO - Created/ensured table: class_fees
2025-08-20 17:36:46,264 - INFO - Created/ensured table: contributions
2025-08-20 17:36:46,265 - INFO - Created/ensured table: payments
2025-08-20 17:36:46,265 - INFO - Created/ensured table: receipts
2025-08-20 17:36:46,265 - INFO - Created/ensured table: bus_locations
2025-08-20 17:36:46,265 - INFO - Created/ensured table: audit_logs
2025-08-20 17:36:46,266 - INFO - Database initialization completed successfully
2025-08-20 17:37:11,655 - WARNING - (trapped) error reading bcrypt version
Traceback (most recent call last):
  File "C:\Users\ADMIN\AppData\Local\Programs\Python\Python313\Lib\site-packages\passlib\handlers\bcrypt.py", line 620, in _load_backend_mixin
    version = _bcrypt.__about__.__version__
              ^^^^^^^^^^^^^^^^^
AttributeError: module 'bcrypt' has no attribute '__about__'
2025-08-20 17:37:12,054 - ERROR - Database error: 'sqlite3.Row' object has no attribute 'get'
2025-08-20 17:41:23,162 - ERROR - Login error for user admin@barsiele.ac.ke: 'sqlite3.Row' object has no attribute 'get'
2025-08-20 17:41:24,336 - ERROR - Database error: 'sqlite3.Row' object has no attribute 'get'
2025-08-20 17:41:28,077 - ERROR - Login error for user admin@barsiele.ac.ke: 'sqlite3.Row' object has no attribute 'get'
2025-08-20 17:42:02,399 - INFO - Created/ensured table: users
2025-08-20 17:42:02,399 - INFO - Created/ensured table: classes
2025-08-20 17:42:02,399 - INFO - Created/ensured table: students
2025-08-20 17:42:02,399 - INFO - Created/ensured table: fees
2025-08-20 17:42:02,400 - INFO - Created/ensured table: class_fees
2025-08-20 17:42:02,400 - INFO - Created/ensured table: contributions
2025-08-20 17:42:02,400 - INFO - Created/ensured table: payments
2025-08-20 17:42:02,400 - INFO - Created/ensured table: receipts
2025-08-20 17:42:02,400 - INFO - Created/ensured table: bus_locations
2025-08-20 17:42:02,400 - INFO - Created/ensured table: audit_logs
2025-08-20 17:42:02,401 - INFO - Database initialization completed successfully
2025-08-20 17:42:25,477 - WARNING - (trapped) error reading bcrypt version
Traceback (most recent call last):
  File "C:\Users\ADMIN\AppData\Local\Programs\Python\Python313\Lib\site-packages\passlib\handlers\bcrypt.py", line 620, in _load_backend_mixin
    version = _bcrypt.__about__.__version__
              ^^^^^^^^^^^^^^^^^
AttributeError: module 'bcrypt' has no attribute '__about__'
2025-08-20 17:42:25,890 - INFO - User logged in: admin (admin@barsiele.ac.ke)
2025-08-20 17:42:27,245 - ERROR - Database error: 'AdminDashboard' object has no attribute 'logs_table'
2025-08-20 17:42:27,246 - ERROR - Error loading dashboard data: 'AdminDashboard' object has no attribute 'logs_table'
2025-08-20 17:42:40,203 - INFO - Successful login for user: admin@barsiele.ac.ke
2025-08-20 18:00:47,775 - INFO - Created/ensured table: users
2025-08-20 18:00:47,776 - INFO - Created/ensured table: classes
2025-08-20 18:00:47,777 - INFO - Created/ensured table: students
2025-08-20 18:00:47,777 - INFO - Created/ensured table: fees
2025-08-20 18:00:47,777 - INFO - Created/ensured table: class_fees
2025-08-20 18:00:47,778 - INFO - Created/ensured table: contributions
2025-08-20 18:00:47,778 - INFO - Created/ensured table: payments
2025-08-20 18:00:47,778 - INFO - Created/ensured table: receipts
2025-08-20 18:00:47,778 - INFO - Created/ensured table: bus_locations
2025-08-20 18:00:47,779 - INFO - Created/ensured table: audit_logs
2025-08-20 18:00:47,780 - INFO - Database initialization completed successfully
2025-08-20 18:01:33,158 - WARNING - (trapped) error reading bcrypt version
Traceback (most recent call last):
  File "C:\Users\ADMIN\AppData\Local\Programs\Python\Python313\Lib\site-packages\passlib\handlers\bcrypt.py", line 620, in _load_backend_mixin
    version = _bcrypt.__about__.__version__
              ^^^^^^^^^^^^^^^^^
AttributeError: module 'bcrypt' has no attribute '__about__'
2025-08-20 18:01:33,498 - INFO - User logged in: admin (admin@barsiele.ac.ke)
2025-08-20 18:01:34,475 - INFO - Successful login for user: admin
2025-08-20 18:03:57,555 - INFO - Set class fee: class=1 term=1 amount=4500.0
2025-08-20 18:04:07,941 - INFO - Set class fee: class=1 term=2 amount=4200.0
2025-08-20 18:04:15,335 - INFO - Set class fee: class=1 term=3 amount=4300.0
2025-08-20 18:06:02,710 - INFO - Created student: Collins Ngetich (ID: 2)
2025-08-20 18:06:02,732 - INFO - Fee set for student 2: 13500.0, Bus: 1500.0
2025-08-20 18:06:37,338 - INFO - Receipt generated: C:\Users\ADMIN\Downloads\school_fee_system_starter\app\core\..\receipts\receipt_28599040.pdf
2025-08-20 18:07:18,311 - INFO - Receipt generated: C:\Users\ADMIN\Downloads\school_fee_system_starter\app\core\..\receipts\receipt_435132c6.pdf
2025-08-20 18:37:27,356 - INFO - User logged in: Kipkorir (collohuncho@gmail.com)
2025-08-20 18:37:27,439 - INFO - Successful login for user: Kipkorir
2025-08-20 20:00:20,473 - INFO - Created/ensured table: users
2025-08-20 20:00:20,474 - INFO - Created/ensured table: classes
2025-08-20 20:00:20,474 - INFO - Created/ensured table: students
2025-08-20 20:00:20,475 - INFO - Created/ensured table: fees
2025-08-20 20:00:20,475 - INFO - Created/ensured table: class_fees
2025-08-20 20:00:20,475 - INFO - Created/ensured table: contributions
2025-08-20 20:00:20,475 - INFO - Created/ensured table: payments
2025-08-20 20:00:20,475 - INFO - Created/ensured table: receipts
2025-08-20 20:00:20,475 - INFO - Created/ensured table: bus_locations
2025-08-20 20:00:20,475 - INFO - Created/ensured table: audit_logs
2025-08-20 20:00:20,476 - INFO - Database initialization completed successfully
2025-08-20 20:01:17,756 - WARNING - (trapped) error reading bcrypt version
Traceback (most recent call last):
  File "C:\Users\ADMIN\AppData\Local\Programs\Python\Python313\Lib\site-packages\passlib\handlers\bcrypt.py", line 620, in _load_backend_mixin
    version = _bcrypt.__about__.__version__
              ^^^^^^^^^^^^^^^^^
AttributeError: module 'bcrypt' has no attribute '__about__'
2025-08-20 20:01:20,137 - WARNING - Failed login attempt for user: kipkorirc583@gmail.com
2025-08-20 20:01:26,535 - INFO - User logged in: Collins (kipkorirc583@gmail.com)
2025-08-20 20:01:28,030 - INFO - Successful login for user: Collins
2025-08-20 20:04:00,888 - INFO - Created student: Faith Chepkemoi (ID: 3)
2025-08-20 20:04:00,909 - INFO - Fee set for student 3: 0.0, Bus: 1500.0
2025-08-20 20:04:35,339 - INFO - Set class fee: class=8 term=1 amount=10000.0
2025-08-20 20:04:41,720 - INFO - Set class fee: class=8 term=2 amount=10000.0
2025-08-20 20:04:50,605 - INFO - Set class fee: class=8 term=3 amount=8000.0
2025-08-20 20:05:50,315 - INFO - Created student: Vincent Cheruiyot (ID: 4)
2025-08-20 20:05:50,337 - INFO - Fee set for student 4: 30000.0, Bus: 2000.0
2025-08-20 20:06:56,491 - INFO - Receipt generated: C:\Users\ADMIN\Downloads\school_fee_system_starter\app\core\..\receipts\receipt_77c6572d.pdf
2025-08-20 20:07:30,912 - INFO - Generated class report: reports/class_10_report_20250820_200730.csv
2025-08-20 20:07:43,492 - INFO - Generated payment summary: reports/payment_summary_2025-07-21_2025-08-20.csv
2025-08-20 20:09:40,931 - INFO - User logged in: Kipkorir (collohuncho@gmail.com)
2025-08-20 20:09:40,990 - INFO - Successful login for user: Kipkorir
2025-08-20 23:54:43,361 - INFO - Created/ensured table: users
2025-08-20 23:54:43,363 - INFO - Created/ensured table: classes
2025-08-20 23:54:43,363 - INFO - Created/ensured table: students
2025-08-20 23:54:43,364 - INFO - Created/ensured table: fees
2025-08-20 23:54:43,364 - INFO - Created/ensured table: class_fees
2025-08-20 23:54:43,364 - INFO - Created/ensured table: contributions
2025-08-20 23:54:43,388 - INFO - Created/ensured table: food_requirements
2025-08-20 23:54:43,388 - INFO - Created/ensured table: payments
2025-08-20 23:54:43,389 - INFO - Created/ensured table: receipts
2025-08-20 23:54:43,389 - INFO - Created/ensured table: bus_locations
2025-08-20 23:54:43,389 - INFO - Created/ensured table: audit_logs
2025-08-20 23:54:43,460 - INFO - Database initialization completed successfully
2025-08-20 23:55:15,955 - WARNING - (trapped) error reading bcrypt version
Traceback (most recent call last):
  File "C:\Users\ADMIN\AppData\Local\Programs\Python\Python313\Lib\site-packages\passlib\handlers\bcrypt.py", line 620, in _load_backend_mixin
    version = _bcrypt.__about__.__version__
              ^^^^^^^^^^^^^^^^^
AttributeError: module 'bcrypt' has no attribute '__about__'
2025-08-20 23:55:16,421 - INFO - User logged in: Collins (kipkorirc583@gmail.com)
2025-08-20 23:55:17,296 - ERROR - Fetch all failed: 
                    SELECT c.name,
                           COUNT(s.id) as num_students,
                           SUM(COALESCE(f.total_fees, 0) + COALESCE(f.bus_fee, 0) + COALESCE(f.boarding_fee, 0) - 
                               COALESCE((SELECT SUM(amount) FROM payments p WHERE p.student_id = s.id), 0)) as arrears
                    FROM classes c
                    LEFT JOIN students s ON c.id = s.class_id
                    LEFT JOIN fees f ON s.id = f.student_id
                    GROUP BY c.name
                 - no such column: f.boarding_fee
2025-08-20 23:55:17,296 - ERROR - Database error: no such column: f.boarding_fee
2025-08-20 23:55:17,297 - ERROR - Error loading dashboard data: no such column: f.boarding_fee
2025-08-20 23:57:31,400 - ERROR - Fetch one failed: SELECT total_fees, bus_fee, COALESCE(boarding_fee, 0) FROM fees WHERE student_id = ? - no such column: boarding_fee
2025-08-20 23:57:31,400 - ERROR - Error getting balance for student 2: no such column: boarding_fee
2025-08-20 23:57:31,400 - ERROR - Database error: no such column: boarding_fee
2025-08-20 23:57:31,712 - INFO - Successful login for user: Collins
2025-08-21 00:08:03,302 - INFO - Created/ensured table: users
2025-08-21 00:08:03,304 - INFO - Created/ensured table: classes
2025-08-21 00:08:03,306 - INFO - Created/ensured table: students
2025-08-21 00:08:03,307 - INFO - Created/ensured table: fees
2025-08-21 00:08:03,308 - INFO - Created/ensured table: class_fees
2025-08-21 00:08:03,308 - INFO - Created/ensured table: contributions
2025-08-21 00:08:03,309 - INFO - Created/ensured table: food_requirements
2025-08-21 00:08:03,309 - INFO - Created/ensured table: payments
2025-08-21 00:08:03,310 - INFO - Created/ensured table: receipts
2025-08-21 00:08:03,310 - INFO - Created/ensured table: bus_locations
2025-08-21 00:08:03,311 - INFO - Created/ensured table: audit_logs
2025-08-21 00:08:03,312 - INFO - Database initialization completed successfully
2025-08-21 00:08:24,264 - WARNING - (trapped) error reading bcrypt version
Traceback (most recent call last):
  File "C:\Users\ADMIN\AppData\Local\Programs\Python\Python313\Lib\site-packages\passlib\handlers\bcrypt.py", line 620, in _load_backend_mixin
    version = _bcrypt.__about__.__version__
              ^^^^^^^^^^^^^^^^^
AttributeError: module 'bcrypt' has no attribute '__about__'
2025-08-21 00:08:24,692 - INFO - User logged in: Collins (kipkorirc583@gmail.com)
2025-08-21 00:08:26,455 - INFO - Successful login for user: Collins
2025-08-21 00:09:11,073 - ERROR - Query execution failed: 
    INSERT OR IGNORE INTO fees (student_id, total_fees, bus_fee, boarding_fee) VALUES (?, 0, 0, 0)
     - table fees has no column named boarding_fee
2025-08-21 00:09:11,073 - ERROR - Error setting boarding fee for class 1: table fees has no column named boarding_fee
2025-08-21 00:09:11,073 - ERROR - Database error: table fees has no column named boarding_fee
2025-08-21 00:09:15,374 - INFO - Set food requirements for class 1: maize=0.0, beans=0.0, millet=0.0
2025-08-21 00:09:25,773 - ERROR - Query execution failed: 
    INSERT OR IGNORE INTO fees (student_id, total_fees, bus_fee, boarding_fee) VALUES (?, 0, 0, 0)
     - table fees has no column named boarding_fee
2025-08-21 00:09:25,773 - ERROR - Error setting boarding fee for class 8: table fees has no column named boarding_fee
2025-08-21 00:09:25,773 - ERROR - Database error: table fees has no column named boarding_fee
2025-08-21 00:11:35,122 - ERROR - Fetch one failed: SELECT total_fees, bus_fee, COALESCE(boarding_fee, 0) FROM fees WHERE student_id = ? - no such column: boarding_fee
2025-08-21 00:11:35,122 - ERROR - Error getting fee for student 2: no such column: boarding_fee
2025-08-21 00:11:35,122 - ERROR - Database error: no such column: boarding_fee
2025-08-21 00:11:41,754 - ERROR - Fetch one failed: SELECT total_fees, bus_fee, COALESCE(boarding_fee, 0) FROM fees WHERE student_id = ? - no such column: boarding_fee
2025-08-21 00:11:41,755 - ERROR - Error getting fee for student 3: no such column: boarding_fee
2025-08-21 00:11:41,756 - ERROR - Database error: no such column: boarding_fee
2025-08-21 00:26:40,183 - INFO - Created/ensured table: users
2025-08-21 00:26:40,184 - INFO - Created/ensured table: classes
2025-08-21 00:26:40,184 - INFO - Created/ensured table: students
2025-08-21 00:26:40,184 - INFO - Created/ensured table: fees
2025-08-21 00:26:40,184 - INFO - Created/ensured table: class_fees
2025-08-21 00:26:40,185 - INFO - Created/ensured table: contributions
2025-08-21 00:26:40,185 - INFO - Created/ensured table: food_requirements
2025-08-21 00:26:40,185 - INFO - Created/ensured table: payments
2025-08-21 00:26:40,186 - INFO - Created/ensured table: receipts
2025-08-21 00:26:40,186 - INFO - Created/ensured table: bus_locations
2025-08-21 00:26:40,186 - INFO - Created/ensured table: audit_logs
2025-08-21 00:26:40,187 - INFO - Database initialization completed successfully
2025-08-21 00:27:05,645 - WARNING - (trapped) error reading bcrypt version
Traceback (most recent call last):
  File "C:\Users\ADMIN\AppData\Local\Programs\Python\Python313\Lib\site-packages\passlib\handlers\bcrypt.py", line 620, in _load_backend_mixin
    version = _bcrypt.__about__.__version__
              ^^^^^^^^^^^^^^^^^
AttributeError: module 'bcrypt' has no attribute '__about__'
2025-08-21 00:27:06,106 - INFO - User logged in: Collins (kipkorirc583@gmail.com)
2025-08-21 00:27:07,162 - INFO - Successful login for user: Collins
2025-08-21 00:27:28,367 - INFO - Set food requirements for class 1: maize=0.0, beans=0.0, millet=0.0
2025-08-21 00:27:49,973 - INFO - Set food requirements for class 1: maize=15.0, beans=6.0, millet=6.0
2025-08-21 00:28:01,657 - WARNING - Skipping set_boarding_fee_for_class because fees.boarding_fee column does not exist
2025-08-21 00:28:11,106 - WARNING - Skipping set_boarding_fee_for_class because fees.boarding_fee column does not exist
2025-08-21 00:28:26,337 - WARNING - Skipping set_boarding_fee_for_class because fees.boarding_fee column does not exist
2025-08-21 00:28:36,126 - WARNING - Skipping set_boarding_fee_for_class because fees.boarding_fee column does not exist
2025-08-21 00:30:15,400 - INFO - Created student: Annet Chepkemoi (ID: 5)
2025-08-21 00:30:15,435 - INFO - Fee set for student 5: 0.0, Bus: 0.0
2025-08-21 00:31:13,007 - INFO - Receipt generated: C:\Users\ADMIN\Downloads\school_fee_system_starter\app\core\..\receipts\receipt_6f02b3e2.pdf
2025-08-21 00:33:25,639 - INFO - Set class fee: class=7 term=1 amount=10000.0
2025-08-21 00:33:30,003 - INFO - Set class fee: class=7 term=2 amount=10000.0
2025-08-21 00:33:37,534 - INFO - Set class fee: class=7 term=3 amount=8000.0
2025-08-21 00:33:54,814 - INFO - Set food requirements for class 7: maize=15.0, beans=6.0, millet=6.0
2025-08-21 00:33:57,324 - WARNING - Skipping set_boarding_fee_for_class because fees.boarding_fee column does not exist
2025-08-21 00:36:17,259 - INFO - Updated contribution rates: {'maize': 100.0, 'millet': 200.0, 'beans': 300.0}
2025-08-21 00:40:13,371 - INFO - Created/ensured table: users
2025-08-21 00:40:13,372 - INFO - Created/ensured table: classes
2025-08-21 00:40:13,372 - INFO - Created/ensured table: students
2025-08-21 00:40:13,372 - INFO - Created/ensured table: fees
2025-08-21 00:40:13,372 - INFO - Created/ensured table: class_fees
2025-08-21 00:40:13,373 - INFO - Created/ensured table: contributions
2025-08-21 00:40:13,373 - INFO - Created/ensured table: food_requirements
2025-08-21 00:40:13,373 - INFO - Created/ensured table: payments
2025-08-21 00:40:13,373 - INFO - Created/ensured table: receipts
2025-08-21 00:40:13,373 - INFO - Created/ensured table: bus_locations
2025-08-21 00:40:13,374 - INFO - Created/ensured table: audit_logs
2025-08-21 00:40:13,374 - INFO - Database initialization completed successfully
2025-08-21 00:40:39,705 - WARNING - (trapped) error reading bcrypt version
Traceback (most recent call last):
  File "C:\Users\ADMIN\AppData\Local\Programs\Python\Python313\Lib\site-packages\passlib\handlers\bcrypt.py", line 620, in _load_backend_mixin
    version = _bcrypt.__about__.__version__
              ^^^^^^^^^^^^^^^^^
AttributeError: module 'bcrypt' has no attribute '__about__'
2025-08-21 00:40:40,177 - INFO - User logged in: Collins (kipkorirc583@gmail.com)
2025-08-21 00:40:41,442 - INFO - Successful login for user: Collins
2025-08-21 00:43:26,238 - INFO - Created/ensured table: users
2025-08-21 00:43:26,238 - INFO - Created/ensured table: classes
2025-08-21 00:43:26,239 - INFO - Created/ensured table: students
2025-08-21 00:43:26,239 - INFO - Created/ensured table: fees
2025-08-21 00:43:26,240 - INFO - Created/ensured table: class_fees
2025-08-21 00:43:26,240 - INFO - Created/ensured table: contributions
2025-08-21 00:43:26,240 - INFO - Created/ensured table: food_requirements
2025-08-21 00:43:26,241 - INFO - Created/ensured table: payments
2025-08-21 00:43:26,241 - INFO - Created/ensured table: receipts
2025-08-21 00:43:26,241 - INFO - Created/ensured table: bus_locations
2025-08-21 00:43:26,241 - INFO - Created/ensured table: audit_logs
2025-08-21 00:43:26,242 - INFO - Database initialization completed successfully
2025-08-21 00:43:52,528 - WARNING - (trapped) error reading bcrypt version
Traceback (most recent call last):
  File "C:\Users\ADMIN\AppData\Local\Programs\Python\Python313\Lib\site-packages\passlib\handlers\bcrypt.py", line 620, in _load_backend_mixin
    version = _bcrypt.__about__.__version__
              ^^^^^^^^^^^^^^^^^
AttributeError: module 'bcrypt' has no attribute '__about__'
2025-08-21 00:43:52,958 - INFO - User logged in: Collins (kipkorirc583@gmail.com)
2025-08-21 00:43:54,029 - INFO - Successful login for user: Collins
2025-08-21 00:49:46,762 - INFO - User logged in: Collins (kipkorirc583@gmail.com)
2025-08-21 00:49:47,947 - INFO - Successful login for user: Collins
2025-08-21 00:50:35,406 - INFO - User logged in: Kipkorir (collohuncho@gmail.com)
2025-08-21 00:50:35,543 - INFO - Successful login for user: Kipkorir
